# JRE version: Java(TM) SE Runtime Environment (8.0_65-b17) (build 1.8.0_65-b17)
# Java VM: Java HotSpot(TM) 64-Bit Server VM (25.65-b01 mixed mode windows-amd64 compressed oops)
Heap:
 PSYoungGen      total 302592K, used 273913K [0x00000000eab00000, 0x0000000100000000, 0x0000000100000000)
  eden space 271360K, 89% used [0x00000000eab00000,0x00000000f9801058,0x00000000fb400000)
  from space 31232K, 99% used [0x00000000fe180000,0x00000000ffffd660,0x0000000100000000)
  to   space 38912K, 0% used [0x00000000fb400000,0x00000000fb400000,0x00000000fda00000)
 ParOldGen       total 122880K, used 54284K [0x00000000c0000000, 0x00000000c7800000, 0x00000000eab00000)
  object space 122880K, 44% used [0x00000000c0000000,0x00000000c35031a0,0x00000000c7800000)
 Metaspace       used 8699K, capacity 8824K, committed 9088K, reserved 1056768K
  class space    used 819K, capacity 851K, committed 896K, reserved 1048576K
GC Heap History (10 events):
Event: 11.446 GC heap before
{Heap before GC invocations=11 (full 0):
 PSYoungGen      total 320512K, used 316691K [0x00000000eab00000, 0x0000000100000000, 0x0000000100000000)
  eden space 294912K, 100% used [0x00000000eab00000,0x00000000fcb00000,0x00000000fcb00000)
  from space 25600K, 85% used [0x00000000fe700000,0x00000000ffc44f28,0x0000000100000000)
  to   space 27136K, 0% used [0x00000000fcb00000,0x00000000fcb00000,0x00000000fe580000)
 ParOldGen       total 87552K, used 56067K [0x00000000c0000000, 0x00000000c5580000, 0x00000000eab00000)
  object space 87552K, 64% used [0x00000000c0000000,0x00000000c36c0c28,0x00000000c5580000)
 Metaspace       used 8670K, capacity 8824K, committed 9088K, reserved 1056768K
  class space    used 819K, capacity 851K, committed 896K, reserved 1048576K
Event: 11.456 GC heap after
Heap after GC invocations=11 (full 0):
 PSYoungGen      total 317952K, used 22580K [0x00000000eab00000, 0x0000000100000000, 0x0000000100000000)
  eden space 294912K, 0% used [0x00000000eab00000,0x00000000eab00000,0x00000000fcb00000)
  from space 23040K, 98% used [0x00000000fcb00000,0x00000000fe10d118,0x00000000fe180000)
  to   space 28672K, 0% used [0x00000000fe400000,0x00000000fe400000,0x0000000100000000)
 ParOldGen       total 87552K, used 62273K [0x00000000c0000000, 0x00000000c5580000, 0x00000000eab00000)
  object space 87552K, 71% used [0x00000000c0000000,0x00000000c3cd0508,0x00000000c5580000)
 Metaspace       used 8670K, capacity 8824K, committed 9088K, reserved 1056768K
  class space    used 819K, capacity 851K, committed 896K, reserved 1048576K
}
Event: 12.046 GC heap before
{Heap before GC invocations=12 (full 0):
 PSYoungGen      total 317952K, used 317492K [0x00000000eab00000, 0x0000000100000000, 0x0000000100000000)
  eden space 294912K, 100% used [0x00000000eab00000,0x00000000fcb00000,0x00000000fcb00000)
  from space 23040K, 98% used [0x00000000fcb00000,0x00000000fe10d118,0x00000000fe180000)
  to   space 28672K, 0% used [0x00000000fe400000,0x00000000fe400000,0x0000000100000000)
 ParOldGen       total 87552K, used 62273K [0x00000000c0000000, 0x00000000c5580000, 0x00000000eab00000)
  object space 87552K, 71% used [0x00000000c0000000,0x00000000c3cd0508,0x00000000c5580000)
 Metaspace       used 8672K, capacity 8824K, committed 9088K, reserved 1056768K
  class space    used 819K, capacity 851K, committed 896K, reserved 1048576K
Event: 12.059 GC heap after
Heap after GC invocations=12 (full 0):
 PSYoungGen      total 315392K, used 26655K [0x00000000eab00000, 0x0000000100000000, 0x0000000100000000)
  eden space 286720K, 0% used [0x00000000eab00000,0x00000000eab00000,0x00000000fc300000)
  from space 28672K, 92% used [0x00000000fe400000,0x00000000ffe07d20,0x0000000100000000)
  to   space 31232K, 0% used [0x00000000fc300000,0x00000000fc300000,0x00000000fe180000)
 ParOldGen       total 87552K, used 69057K [0x00000000c0000000, 0x00000000c5580000, 0x00000000eab00000)
  object space 87552K, 78% used [0x00000000c0000000,0x00000000c43707d0,0x00000000c5580000)
 Metaspace       used 8672K, capacity 8824K, committed 9088K, reserved 1056768K
  class space    used 819K, capacity 851K, committed 896K, reserved 1048576K
}
Event: 12.680 GC heap before
{Heap before GC invocations=13 (full 0):
 PSYoungGen      total 315392K, used 313375K [0x00000000eab00000, 0x0000000100000000, 0x0000000100000000)
  eden space 286720K, 100% used [0x00000000eab00000,0x00000000fc300000,0x00000000fc300000)
  from space 28672K, 92% used [0x00000000fe400000,0x00000000ffe07d20,0x0000000100000000)
  to   space 31232K, 0% used [0x00000000fc300000,0x00000000fc300000,0x00000000fe180000)
 ParOldGen       total 87552K, used 69057K [0x00000000c0000000, 0x00000000c5580000, 0x00000000eab00000)
  object space 87552K, 78% used [0x00000000c0000000,0x00000000c43707d0,0x00000000c5580000)
 Metaspace       used 8685K, capacity 8824K, committed 9088K, reserved 1056768K
  class space    used 819K, capacity 851K, committed 896K, reserved 1048576K
Event: 12.689 GC heap after
Heap after GC invocations=13 (full 0):
 PSYoungGen      total 317952K, used 31212K [0x00000000eab00000, 0x0000000100000000, 0x0000000100000000)
  eden space 286720K, 0% used [0x00000000eab00000,0x00000000eab00000,0x00000000fc300000)
  from space 31232K, 99% used [0x00000000fc300000,0x00000000fe17b2f0,0x00000000fe180000)
  to   space 31232K, 0% used [0x00000000fe180000,0x00000000fe180000,0x0000000100000000)
 ParOldGen       total 87552K, used 70097K [0x00000000c0000000, 0x00000000c5580000, 0x00000000eab00000)
  object space 87552K, 80% used [0x00000000c0000000,0x00000000c44745d8,0x00000000c5580000)
 Metaspace       used 8685K, capacity 8824K, committed 9088K, reserved 1056768K
  class space    used 819K, capacity 851K, committed 896K, reserved 1048576K
}
Event: 12.689 GC heap before
{Heap before GC invocations=14 (full 1):
 PSYoungGen      total 317952K, used 31212K [0x00000000eab00000, 0x0000000100000000, 0x0000000100000000)
  eden space 286720K, 0% used [0x00000000eab00000,0x00000000eab00000,0x00000000fc300000)
  from space 31232K, 99% used [0x00000000fc300000,0x00000000fe17b2f0,0x00000000fe180000)
  to   space 31232K, 0% used [0x00000000fe180000,0x00000000fe180000,0x0000000100000000)
 ParOldGen       total 87552K, used 70097K [0x00000000c0000000, 0x00000000c5580000, 0x00000000eab00000)
  object space 87552K, 80% used [0x00000000c0000000,0x00000000c44745d8,0x00000000c5580000)
 Metaspace       used 8685K, capacity 8824K, committed 9088K, reserved 1056768K
  class space    used 819K, capacity 851K, committed 896K, reserved 1048576K
Event: 13.031 GC heap after
Heap after GC invocations=14 (full 1):
 PSYoungGen      total 317952K, used 0K [0x00000000eab00000, 0x0000000100000000, 0x0000000100000000)
  eden space 286720K, 0% used [0x00000000eab00000,0x00000000eab00000,0x00000000fc300000)
  from space 31232K, 0% used [0x00000000fc300000,0x00000000fc300000,0x00000000fe180000)
  to   space 31232K, 0% used [0x00000000fe180000,0x00000000fe180000,0x0000000100000000)
 ParOldGen       total 122880K, used 52176K [0x00000000c0000000, 0x00000000c7800000, 0x00000000eab00000)
  object space 122880K, 42% used [0x00000000c0000000,0x00000000c32f4000,0x00000000c7800000)
 Metaspace       used 8685K, capacity 8824K, committed 9088K, reserved 1056768K
  class space    used 819K, capacity 851K, committed 896K, reserved 1048576K
}
Event: 13.668 GC heap before
{Heap before GC invocations=15 (full 1):
 PSYoungGen      total 317952K, used 286720K [0x00000000eab00000, 0x0000000100000000, 0x0000000100000000)
  eden space 286720K, 100% used [0x00000000eab00000,0x00000000fc300000,0x00000000fc300000)
  from space 31232K, 0% used [0x00000000fc300000,0x00000000fc300000,0x00000000fe180000)
  to   space 31232K, 0% used [0x00000000fe180000,0x00000000fe180000,0x0000000100000000)
 ParOldGen       total 122880K, used 52176K [0x00000000c0000000, 0x00000000c7800000, 0x00000000eab00000)
  object space 122880K, 42% used [0x00000000c0000000,0x00000000c32f4000,0x00000000c7800000)
 Metaspace       used 8699K, capacity 8824K, committed 9088K, reserved 1056768K
  class space    used 819K, capacity 851K, committed 896K, reserved 1048576K
Event: 13.682 GC heap after
Heap after GC invocations=15 (full 1):
 PSYoungGen      total 302592K, used 31221K [0x00000000eab00000, 0x0000000100000000, 0x0000000100000000)
  eden space 271360K, 0% used [0x00000000eab00000,0x00000000eab00000,0x00000000fb400000)
  from space 31232K, 99% used [0x00000000fe180000,0x00000000ffffd660,0x0000000100000000)
  to   space 38912K, 0% used [0x00000000fb400000,0x00000000fb400000,0x00000000fda00000)
 ParOldGen       total 122880K, used 54284K [0x00000000c0000000, 0x00000000c7800000, 0x00000000eab00000)
  object space 122880K, 44% used [0x00000000c0000000,0x00000000c35031a0,0x00000000c7800000)
 Metaspace       used 8699K, capacity 8824K, committed 9088K, reserved 1056768K
  class space    used 819K, capacity 851K, committed 896K, reserved 1048576K
}

