# JRE version: Java(TM) SE Runtime Environment (8.0_65-b17) (build 1.8.0_65-b17)
# Java VM: Java HotSpot(TM) 64-Bit Server VM (25.65-b01 mixed mode windows-amd64 compressed oops)
Heap:
 PSYoungGen      total 233472K, used 114763K [0x00000000eab00000, 0x00000000fa900000, 0x0000000100000000)
  eden space 209920K, 48% used [0x00000000eab00000,0x00000000f0ebcac8,0x00000000f7800000)
  from space 23552K, 53% used [0x00000000f9000000,0x00000000f9c561f8,0x00000000fa700000)
  to   space 24576K, 0% used [0x00000000f7800000,0x00000000f7800000,0x00000000f9000000)
 ParOldGen       total 108032K, used 54756K [0x00000000c0000000, 0x00000000c6980000, 0x00000000eab00000)
  object space 108032K, 50% used [0x00000000c0000000,0x00000000c35792f0,0x00000000c6980000)
 Metaspace       used 8750K, capacity 8872K, committed 9088K, reserved 1056768K
  class space    used 821K, capacity 851K, committed 896K, reserved 1048576K
GC Heap History (10 events):
Event: 18.348 GC heap before
{Heap before GC invocations=20 (full 1):
 PSYoungGen      total 234496K, used 21872K [0x00000000eab00000, 0x00000000fa900000, 0x0000000100000000)
  eden space 209920K, 0% used [0x00000000eab00000,0x00000000eab00000,0x00000000f7800000)
  from space 24576K, 88% used [0x00000000f7800000,0x00000000f8d5c198,0x00000000f9000000)
  to   space 23552K, 0% used [0x00000000f9000000,0x00000000f9000000,0x00000000fa700000)
 ParOldGen       total 87552K, used 82538K [0x00000000c0000000, 0x00000000c5580000, 0x00000000eab00000)
  object space 87552K, 94% used [0x00000000c0000000,0x00000000c509ab88,0x00000000c5580000)
 Metaspace       used 8747K, capacity 8872K, committed 9088K, reserved 1056768K
  class space    used 821K, capacity 851K, committed 896K, reserved 1048576K
Event: 18.739 GC heap after
Heap after GC invocations=20 (full 1):
 PSYoungGen      total 234496K, used 0K [0x00000000eab00000, 0x00000000fa900000, 0x0000000100000000)
  eden space 209920K, 0% used [0x00000000eab00000,0x00000000eab00000,0x00000000f7800000)
  from space 24576K, 0% used [0x00000000f7800000,0x00000000f7800000,0x00000000f9000000)
  to   space 23552K, 0% used [0x00000000f9000000,0x00000000f9000000,0x00000000fa700000)
 ParOldGen       total 87552K, used 53337K [0x00000000c0000000, 0x00000000c5580000, 0x00000000eab00000)
  object space 87552K, 60% used [0x00000000c0000000,0x00000000c3416410,0x00000000c5580000)
 Metaspace       used 8747K, capacity 8872K, committed 9088K, reserved 1056768K
  class space    used 821K, capacity 851K, committed 896K, reserved 1048576K
}
Event: 19.353 GC heap before
{Heap before GC invocations=21 (full 1):
 PSYoungGen      total 234496K, used 209920K [0x00000000eab00000, 0x00000000fa900000, 0x0000000100000000)
  eden space 209920K, 100% used [0x00000000eab00000,0x00000000f7800000,0x00000000f7800000)
  from space 24576K, 0% used [0x00000000f7800000,0x00000000f7800000,0x00000000f9000000)
  to   space 23552K, 0% used [0x00000000f9000000,0x00000000f9000000,0x00000000fa700000)
 ParOldGen       total 87552K, used 53337K [0x00000000c0000000, 0x00000000c5580000, 0x00000000eab00000)
  object space 87552K, 60% used [0x00000000c0000000,0x00000000c3416410,0x00000000c5580000)
 Metaspace       used 8747K, capacity 8872K, committed 9088K, reserved 1056768K
  class space    used 821K, capacity 851K, committed 896K, reserved 1048576K
Event: 19.367 GC heap after
Heap after GC invocations=21 (full 1):
 PSYoungGen      total 233472K, used 23528K [0x00000000eab00000, 0x00000000fa900000, 0x0000000100000000)
  eden space 209920K, 0% used [0x00000000eab00000,0x00000000eab00000,0x00000000f7800000)
  from space 23552K, 99% used [0x00000000f9000000,0x00000000fa6fa320,0x00000000fa700000)
  to   space 24576K, 0% used [0x00000000f7800000,0x00000000f7800000,0x00000000f9000000)
 ParOldGen       total 87552K, used 64341K [0x00000000c0000000, 0x00000000c5580000, 0x00000000eab00000)
  object space 87552K, 73% used [0x00000000c0000000,0x00000000c3ed5748,0x00000000c5580000)
 Metaspace       used 8747K, capacity 8872K, committed 9088K, reserved 1056768K
  class space    used 821K, capacity 851K, committed 896K, reserved 1048576K
}
Event: 20.209 GC heap before
{Heap before GC invocations=22 (full 1):
 PSYoungGen      total 233472K, used 233448K [0x00000000eab00000, 0x00000000fa900000, 0x0000000100000000)
  eden space 209920K, 100% used [0x00000000eab00000,0x00000000f7800000,0x00000000f7800000)
  from space 23552K, 99% used [0x00000000f9000000,0x00000000fa6fa320,0x00000000fa700000)
  to   space 24576K, 0% used [0x00000000f7800000,0x00000000f7800000,0x00000000f9000000)
 ParOldGen       total 87552K, used 64341K [0x00000000c0000000, 0x00000000c5580000, 0x00000000eab00000)
  object space 87552K, 73% used [0x00000000c0000000,0x00000000c3ed5748,0x00000000c5580000)
 Metaspace       used 8749K, capacity 8872K, committed 9088K, reserved 1056768K
  class space    used 821K, capacity 851K, committed 896K, reserved 1048576K
Event: 20.227 GC heap after
Heap after GC invocations=22 (full 1):
 PSYoungGen      total 234496K, used 18944K [0x00000000eab00000, 0x00000000fa900000, 0x0000000100000000)
  eden space 209920K, 0% used [0x00000000eab00000,0x00000000eab00000,0x00000000f7800000)
  from space 24576K, 77% used [0x00000000f7800000,0x00000000f8a80278,0x00000000f9000000)
  to   space 23552K, 0% used [0x00000000f9000000,0x00000000f9000000,0x00000000fa700000)
 ParOldGen       total 108032K, used 100429K [0x00000000c0000000, 0x00000000c6980000, 0x00000000eab00000)
  object space 108032K, 92% used [0x00000000c0000000,0x00000000c6213738,0x00000000c6980000)
 Metaspace       used 8749K, capacity 8872K, committed 9088K, reserved 1056768K
  class space    used 821K, capacity 851K, committed 896K, reserved 1048576K
}
Event: 20.227 GC heap before
{Heap before GC invocations=23 (full 2):
 PSYoungGen      total 234496K, used 18944K [0x00000000eab00000, 0x00000000fa900000, 0x0000000100000000)
  eden space 209920K, 0% used [0x00000000eab00000,0x00000000eab00000,0x00000000f7800000)
  from space 24576K, 77% used [0x00000000f7800000,0x00000000f8a80278,0x00000000f9000000)
  to   space 23552K, 0% used [0x00000000f9000000,0x00000000f9000000,0x00000000fa700000)
 ParOldGen       total 108032K, used 100429K [0x00000000c0000000, 0x00000000c6980000, 0x00000000eab00000)
  object space 108032K, 92% used [0x00000000c0000000,0x00000000c6213738,0x00000000c6980000)
 Metaspace       used 8749K, capacity 8872K, committed 9088K, reserved 1056768K
  class space    used 821K, capacity 851K, committed 896K, reserved 1048576K
Event: 20.343 GC heap after
Heap after GC invocations=23 (full 2):
 PSYoungGen      total 234496K, used 0K [0x00000000eab00000, 0x00000000fa900000, 0x0000000100000000)
  eden space 209920K, 0% used [0x00000000eab00000,0x00000000eab00000,0x00000000f7800000)
  from space 24576K, 0% used [0x00000000f7800000,0x00000000f7800000,0x00000000f9000000)
  to   space 23552K, 0% used [0x00000000f9000000,0x00000000f9000000,0x00000000fa700000)
 ParOldGen       total 108032K, used 54756K [0x00000000c0000000, 0x00000000c6980000, 0x00000000eab00000)
  object space 108032K, 50% used [0x00000000c0000000,0x00000000c35792f0,0x00000000c6980000)
 Metaspace       used 8749K, capacity 8872K, committed 9088K, reserved 1056768K
  class space    used 821K, capacity 851K, committed 896K, reserved 1048576K
}
Event: 20.839 GC heap before
{Heap before GC invocations=24 (full 2):
 PSYoungGen      total 234496K, used 209920K [0x00000000eab00000, 0x00000000fa900000, 0x0000000100000000)
  eden space 209920K, 100% used [0x00000000eab00000,0x00000000f7800000,0x00000000f7800000)
  from space 24576K, 0% used [0x00000000f7800000,0x00000000f7800000,0x00000000f9000000)
  to   space 23552K, 0% used [0x00000000f9000000,0x00000000f9000000,0x00000000fa700000)
 ParOldGen       total 108032K, used 54756K [0x00000000c0000000, 0x00000000c6980000, 0x00000000eab00000)
  object space 108032K, 50% used [0x00000000c0000000,0x00000000c35792f0,0x00000000c6980000)
 Metaspace       used 8749K, capacity 8872K, committed 9088K, reserved 1056768K
  class space    used 821K, capacity 851K, committed 896K, reserved 1048576K
Event: 20.868 GC heap after
Heap after GC invocations=24 (full 2):
 PSYoungGen      total 233472K, used 12632K [0x00000000eab00000, 0x00000000fa900000, 0x0000000100000000)
  eden space 209920K, 0% used [0x00000000eab00000,0x00000000eab00000,0x00000000f7800000)
  from space 23552K, 53% used [0x00000000f9000000,0x00000000f9c561f8,0x00000000fa700000)
  to   space 24576K, 0% used [0x00000000f7800000,0x00000000f7800000,0x00000000f9000000)
 ParOldGen       total 108032K, used 54756K [0x00000000c0000000, 0x00000000c6980000, 0x00000000eab00000)
  object space 108032K, 50% used [0x00000000c0000000,0x00000000c35792f0,0x00000000c6980000)
 Metaspace       used 8749K, capacity 8872K, committed 9088K, reserved 1056768K
  class space    used 821K, capacity 851K, committed 896K, reserved 1048576K
}

