# JRE version: Java(TM) SE Runtime Environment (8.0_65-b17) (build 1.8.0_65-b17)
# Java VM: Java HotSpot(TM) 64-Bit Server VM (25.65-b01 mixed mode windows-amd64 compressed oops)
Heap:
 PSYoungGen      total 202240K, used 64488K [0x00000000eab00000, 0x00000000f8f80000, 0x0000000100000000)
  eden space 172032K, 26% used [0x00000000eab00000,0x00000000ed6e13a8,0x00000000f5300000)
  from space 30208K, 64% used [0x00000000f5300000,0x00000000f6618e40,0x00000000f7080000)
  to   space 27136K, 0% used [0x00000000f7080000,0x00000000f7080000,0x00000000f8b00000)
 ParOldGen       total 114176K, used 54617K [0x00000000c0000000, 0x00000000c6f80000, 0x00000000eab00000)
  object space 114176K, 47% used [0x00000000c0000000,0x00000000c3556450,0x00000000c6f80000)
 Metaspace       used 8669K, capacity 8824K, committed 9088K, reserved 1056768K
  class space    used 822K, capacity 851K, committed 896K, reserved 1048576K
GC Heap History (10 events):
Event: 10.043 GC heap before
{Heap before GC invocations=8 (full 0):
 PSYoungGen      total 138240K, used 137676K [0x00000000eab00000, 0x00000000f3700000, 0x0000000100000000)
  eden space 133120K, 100% used [0x00000000eab00000,0x00000000f2d00000,0x00000000f2d00000)
  from space 5120K, 89% used [0x00000000f2d00000,0x00000000f3173340,0x00000000f3200000)
  to   space 5120K, 0% used [0x00000000f3200000,0x00000000f3200000,0x00000000f3700000)
 ParOldGen       total 87552K, used 60699K [0x00000000c0000000, 0x00000000c5580000, 0x00000000eab00000)
  object space 87552K, 69% used [0x00000000c0000000,0x00000000c3b46c80,0x00000000c5580000)
 Metaspace       used 8636K, capacity 8824K, committed 9088K, reserved 1056768K
  class space    used 822K, capacity 851K, committed 896K, reserved 1048576K
Event: 10.055 GC heap after
Heap after GC invocations=8 (full 0):
 PSYoungGen      total 138240K, used 4573K [0x00000000eab00000, 0x00000000f3700000, 0x0000000100000000)
  eden space 133120K, 0% used [0x00000000eab00000,0x00000000eab00000,0x00000000f2d00000)
  from space 5120K, 89% used [0x00000000f3200000,0x00000000f3677528,0x00000000f3700000)
  to   space 5120K, 0% used [0x00000000f2d00000,0x00000000f2d00000,0x00000000f3200000)
 ParOldGen       total 87552K, used 68441K [0x00000000c0000000, 0x00000000c5580000, 0x00000000eab00000)
  object space 87552K, 78% used [0x00000000c0000000,0x00000000c42d67e0,0x00000000c5580000)
 Metaspace       used 8636K, capacity 8824K, committed 9088K, reserved 1056768K
  class space    used 822K, capacity 851K, committed 896K, reserved 1048576K
}
Event: 10.055 GC heap before
{Heap before GC invocations=9 (full 1):
 PSYoungGen      total 138240K, used 4573K [0x00000000eab00000, 0x00000000f3700000, 0x0000000100000000)
  eden space 133120K, 0% used [0x00000000eab00000,0x00000000eab00000,0x00000000f2d00000)
  from space 5120K, 89% used [0x00000000f3200000,0x00000000f3677528,0x00000000f3700000)
  to   space 5120K, 0% used [0x00000000f2d00000,0x00000000f2d00000,0x00000000f3200000)
 ParOldGen       total 87552K, used 68441K [0x00000000c0000000, 0x00000000c5580000, 0x00000000eab00000)
  object space 87552K, 78% used [0x00000000c0000000,0x00000000c42d67e0,0x00000000c5580000)
 Metaspace       used 8636K, capacity 8824K, committed 9088K, reserved 1056768K
  class space    used 822K, capacity 851K, committed 896K, reserved 1048576K
Event: 10.341 GC heap after
Heap after GC invocations=9 (full 1):
 PSYoungGen      total 138240K, used 0K [0x00000000eab00000, 0x00000000f3700000, 0x0000000100000000)
  eden space 133120K, 0% used [0x00000000eab00000,0x00000000eab00000,0x00000000f2d00000)
  from space 5120K, 0% used [0x00000000f3200000,0x00000000f3200000,0x00000000f3700000)
  to   space 5120K, 0% used [0x00000000f2d00000,0x00000000f2d00000,0x00000000f3200000)
 ParOldGen       total 114176K, used 46278K [0x00000000c0000000, 0x00000000c6f80000, 0x00000000eab00000)
  object space 114176K, 40% used [0x00000000c0000000,0x00000000c2d31b30,0x00000000c6f80000)
 Metaspace       used 8636K, capacity 8824K, committed 9088K, reserved 1056768K
  class space    used 822K, capacity 851K, committed 896K, reserved 1048576K
}
Event: 10.694 GC heap before
{Heap before GC invocations=10 (full 1):
 PSYoungGen      total 138240K, used 133120K [0x00000000eab00000, 0x00000000f3700000, 0x0000000100000000)
  eden space 133120K, 100% used [0x00000000eab00000,0x00000000f2d00000,0x00000000f2d00000)
  from space 5120K, 0% used [0x00000000f3200000,0x00000000f3200000,0x00000000f3700000)
  to   space 5120K, 0% used [0x00000000f2d00000,0x00000000f2d00000,0x00000000f3200000)
 ParOldGen       total 114176K, used 46278K [0x00000000c0000000, 0x00000000c6f80000, 0x00000000eab00000)
  object space 114176K, 40% used [0x00000000c0000000,0x00000000c2d31b30,0x00000000c6f80000)
 Metaspace       used 8642K, capacity 8824K, committed 9088K, reserved 1056768K
  class space    used 822K, capacity 851K, committed 896K, reserved 1048576K
Event: 10.699 GC heap after
Heap after GC invocations=10 (full 1):
 PSYoungGen      total 138240K, used 4758K [0x00000000eab00000, 0x00000000f8b00000, 0x0000000100000000)
  eden space 133120K, 0% used [0x00000000eab00000,0x00000000eab00000,0x00000000f2d00000)
  from space 5120K, 92% used [0x00000000f2d00000,0x00000000f31a5a30,0x00000000f3200000)
  to   space 27136K, 0% used [0x00000000f7080000,0x00000000f7080000,0x00000000f8b00000)
 ParOldGen       total 114176K, used 54609K [0x00000000c0000000, 0x00000000c6f80000, 0x00000000eab00000)
  object space 114176K, 47% used [0x00000000c0000000,0x00000000c3554450,0x00000000c6f80000)
 Metaspace       used 8642K, capacity 8824K, committed 9088K, reserved 1056768K
  class space    used 822K, capacity 851K, committed 896K, reserved 1048576K
}
Event: 11.021 GC heap before
{Heap before GC invocations=11 (full 1):
 PSYoungGen      total 138240K, used 137878K [0x00000000eab00000, 0x00000000f8b00000, 0x0000000100000000)
  eden space 133120K, 100% used [0x00000000eab00000,0x00000000f2d00000,0x00000000f2d00000)
  from space 5120K, 92% used [0x00000000f2d00000,0x00000000f31a5a30,0x00000000f3200000)
  to   space 27136K, 0% used [0x00000000f7080000,0x00000000f7080000,0x00000000f8b00000)
 ParOldGen       total 114176K, used 54609K [0x00000000c0000000, 0x00000000c6f80000, 0x00000000eab00000)
  object space 114176K, 47% used [0x00000000c0000000,0x00000000c3554450,0x00000000c6f80000)
 Metaspace       used 8644K, capacity 8824K, committed 9088K, reserved 1056768K
  class space    used 822K, capacity 851K, committed 896K, reserved 1048576K
Event: 11.029 GC heap after
Heap after GC invocations=11 (full 1):
 PSYoungGen      total 199168K, used 23538K [0x00000000eab00000, 0x00000000f8f80000, 0x0000000100000000)
  eden space 172032K, 0% used [0x00000000eab00000,0x00000000eab00000,0x00000000f5300000)
  from space 27136K, 86% used [0x00000000f7080000,0x00000000f877ca30,0x00000000f8b00000)
  to   space 30208K, 0% used [0x00000000f5300000,0x00000000f5300000,0x00000000f7080000)
 ParOldGen       total 114176K, used 54609K [0x00000000c0000000, 0x00000000c6f80000, 0x00000000eab00000)
  object space 114176K, 47% used [0x00000000c0000000,0x00000000c3554450,0x00000000c6f80000)
 Metaspace       used 8644K, capacity 8824K, committed 9088K, reserved 1056768K
  class space    used 822K, capacity 851K, committed 896K, reserved 1048576K
}
Event: 11.451 GC heap before
{Heap before GC invocations=12 (full 1):
 PSYoungGen      total 199168K, used 195570K [0x00000000eab00000, 0x00000000f8f80000, 0x0000000100000000)
  eden space 172032K, 100% used [0x00000000eab00000,0x00000000f5300000,0x00000000f5300000)
  from space 27136K, 86% used [0x00000000f7080000,0x00000000f877ca30,0x00000000f8b00000)
  to   space 30208K, 0% used [0x00000000f5300000,0x00000000f5300000,0x00000000f7080000)
 ParOldGen       total 114176K, used 54609K [0x00000000c0000000, 0x00000000c6f80000, 0x00000000eab00000)
  object space 114176K, 47% used [0x00000000c0000000,0x00000000c3554450,0x00000000c6f80000)
 Metaspace       used 8669K, capacity 8824K, committed 9088K, reserved 1056768K
  class space    used 822K, capacity 851K, committed 896K, reserved 1048576K
Event: 11.458 GC heap after
Heap after GC invocations=12 (full 1):
 PSYoungGen      total 202240K, used 19555K [0x00000000eab00000, 0x00000000f8f80000, 0x0000000100000000)
  eden space 172032K, 0% used [0x00000000eab00000,0x00000000eab00000,0x00000000f5300000)
  from space 30208K, 64% used [0x00000000f5300000,0x00000000f6618e40,0x00000000f7080000)
  to   space 27136K, 0% used [0x00000000f7080000,0x00000000f7080000,0x00000000f8b00000)
 ParOldGen       total 114176K, used 54617K [0x00000000c0000000, 0x00000000c6f80000, 0x00000000eab00000)
  object space 114176K, 47% used [0x00000000c0000000,0x00000000c3556450,0x00000000c6f80000)
 Metaspace       used 8669K, capacity 8824K, committed 9088K, reserved 1056768K
  class space    used 822K, capacity 851K, committed 896K, reserved 1048576K
}

