# JRE version: Java(TM) SE Runtime Environment (8.0_65-b17) (build 1.8.0_65-b17)
# Java VM: Java HotSpot(TM) 64-Bit Server VM (25.65-b01 mixed mode windows-amd64 compressed oops)
Heap:
 PSYoungGen      total 197632K, used 132435K [0x00000000eab00000, 0x00000000fb080000, 0x0000000100000000)
  eden space 171008K, 68% used [0x00000000eab00000,0x00000000f1cce4c8,0x00000000f5200000)
  from space 26624K, 59% used [0x00000000f5200000,0x00000000f61867f8,0x00000000f6c00000)
  to   space 26112K, 0% used [0x00000000f9700000,0x00000000f9700000,0x00000000fb080000)
 ParOldGen       total 113152K, used 50262K [0x00000000c0000000, 0x00000000c6e80000, 0x00000000eab00000)
  object space 113152K, 44% used [0x00000000c0000000,0x00000000c3115858,0x00000000c6e80000)
 Metaspace       used 8686K, capacity 8876K, committed 9088K, reserved 1056768K
  class space    used 822K, capacity 851K, committed 896K, reserved 1048576K
GC Heap History (10 events):
Event: 10.503 GC heap before
{Heap before GC invocations=8 (full 0):
 PSYoungGen      total 138240K, used 137480K [0x00000000eab00000, 0x00000000f3700000, 0x0000000100000000)
  eden space 133120K, 100% used [0x00000000eab00000,0x00000000f2d00000,0x00000000f2d00000)
  from space 5120K, 85% used [0x00000000f2d00000,0x00000000f31420b0,0x00000000f3200000)
  to   space 5120K, 0% used [0x00000000f3200000,0x00000000f3200000,0x00000000f3700000)
 ParOldGen       total 87552K, used 65412K [0x00000000c0000000, 0x00000000c5580000, 0x00000000eab00000)
  object space 87552K, 74% used [0x00000000c0000000,0x00000000c3fe11a8,0x00000000c5580000)
 Metaspace       used 8657K, capacity 8812K, committed 9088K, reserved 1056768K
  class space    used 822K, capacity 851K, committed 896K, reserved 1048576K
Event: 10.525 GC heap after
Heap after GC invocations=8 (full 0):
 PSYoungGen      total 138240K, used 5115K [0x00000000eab00000, 0x00000000f3700000, 0x0000000100000000)
  eden space 133120K, 0% used [0x00000000eab00000,0x00000000eab00000,0x00000000f2d00000)
  from space 5120K, 99% used [0x00000000f3200000,0x00000000f36fecc8,0x00000000f3700000)
  to   space 5120K, 0% used [0x00000000f2d00000,0x00000000f2d00000,0x00000000f3200000)
 ParOldGen       total 87552K, used 74003K [0x00000000c0000000, 0x00000000c5580000, 0x00000000eab00000)
  object space 87552K, 84% used [0x00000000c0000000,0x00000000c4844f38,0x00000000c5580000)
 Metaspace       used 8657K, capacity 8812K, committed 9088K, reserved 1056768K
  class space    used 822K, capacity 851K, committed 896K, reserved 1048576K
}
Event: 10.525 GC heap before
{Heap before GC invocations=9 (full 1):
 PSYoungGen      total 138240K, used 5115K [0x00000000eab00000, 0x00000000f3700000, 0x0000000100000000)
  eden space 133120K, 0% used [0x00000000eab00000,0x00000000eab00000,0x00000000f2d00000)
  from space 5120K, 99% used [0x00000000f3200000,0x00000000f36fecc8,0x00000000f3700000)
  to   space 5120K, 0% used [0x00000000f2d00000,0x00000000f2d00000,0x00000000f3200000)
 ParOldGen       total 87552K, used 74003K [0x00000000c0000000, 0x00000000c5580000, 0x00000000eab00000)
  object space 87552K, 84% used [0x00000000c0000000,0x00000000c4844f38,0x00000000c5580000)
 Metaspace       used 8657K, capacity 8812K, committed 9088K, reserved 1056768K
  class space    used 822K, capacity 851K, committed 896K, reserved 1048576K
Event: 10.879 GC heap after
Heap after GC invocations=9 (full 1):
 PSYoungGen      total 138240K, used 0K [0x00000000eab00000, 0x00000000f3700000, 0x0000000100000000)
  eden space 133120K, 0% used [0x00000000eab00000,0x00000000eab00000,0x00000000f2d00000)
  from space 5120K, 0% used [0x00000000f3200000,0x00000000f3200000,0x00000000f3700000)
  to   space 5120K, 0% used [0x00000000f2d00000,0x00000000f2d00000,0x00000000f3200000)
 ParOldGen       total 113152K, used 44046K [0x00000000c0000000, 0x00000000c6e80000, 0x00000000eab00000)
  object space 113152K, 38% used [0x00000000c0000000,0x00000000c2b03a40,0x00000000c6e80000)
 Metaspace       used 8657K, capacity 8812K, committed 9088K, reserved 1056768K
  class space    used 822K, capacity 851K, committed 896K, reserved 1048576K
}
Event: 11.295 GC heap before
{Heap before GC invocations=10 (full 1):
 PSYoungGen      total 138240K, used 133120K [0x00000000eab00000, 0x00000000f3700000, 0x0000000100000000)
  eden space 133120K, 100% used [0x00000000eab00000,0x00000000f2d00000,0x00000000f2d00000)
  from space 5120K, 0% used [0x00000000f3200000,0x00000000f3200000,0x00000000f3700000)
  to   space 5120K, 0% used [0x00000000f2d00000,0x00000000f2d00000,0x00000000f3200000)
 ParOldGen       total 113152K, used 44046K [0x00000000c0000000, 0x00000000c6e80000, 0x00000000eab00000)
  object space 113152K, 38% used [0x00000000c0000000,0x00000000c2b03a40,0x00000000c6e80000)
 Metaspace       used 8664K, capacity 8812K, committed 9088K, reserved 1056768K
  class space    used 822K, capacity 851K, committed 896K, reserved 1048576K
Event: 11.304 GC heap after
Heap after GC invocations=10 (full 1):
 PSYoungGen      total 138240K, used 4884K [0x00000000eab00000, 0x00000000f8600000, 0x0000000100000000)
  eden space 133120K, 0% used [0x00000000eab00000,0x00000000eab00000,0x00000000f2d00000)
  from space 5120K, 95% used [0x00000000f2d00000,0x00000000f31c5000,0x00000000f3200000)
  to   space 26112K, 0% used [0x00000000f6c80000,0x00000000f6c80000,0x00000000f8600000)
 ParOldGen       total 113152K, used 50254K [0x00000000c0000000, 0x00000000c6e80000, 0x00000000eab00000)
  object space 113152K, 44% used [0x00000000c0000000,0x00000000c3113858,0x00000000c6e80000)
 Metaspace       used 8664K, capacity 8812K, committed 9088K, reserved 1056768K
  class space    used 822K, capacity 851K, committed 896K, reserved 1048576K
}
Event: 11.876 GC heap before
{Heap before GC invocations=11 (full 1):
 PSYoungGen      total 138240K, used 138004K [0x00000000eab00000, 0x00000000f8600000, 0x0000000100000000)
  eden space 133120K, 100% used [0x00000000eab00000,0x00000000f2d00000,0x00000000f2d00000)
  from space 5120K, 95% used [0x00000000f2d00000,0x00000000f31c5000,0x00000000f3200000)
  to   space 26112K, 0% used [0x00000000f6c80000,0x00000000f6c80000,0x00000000f8600000)
 ParOldGen       total 113152K, used 50254K [0x00000000c0000000, 0x00000000c6e80000, 0x00000000eab00000)
  object space 113152K, 44% used [0x00000000c0000000,0x00000000c3113858,0x00000000c6e80000)
 Metaspace       used 8666K, capacity 8812K, committed 9088K, reserved 1056768K
  class space    used 822K, capacity 851K, committed 896K, reserved 1048576K
Event: 11.891 GC heap after
Heap after GC invocations=11 (full 1):
 PSYoungGen      total 197120K, used 17414K [0x00000000eab00000, 0x00000000f8600000, 0x0000000100000000)
  eden space 171008K, 0% used [0x00000000eab00000,0x00000000eab00000,0x00000000f5200000)
  from space 26112K, 66% used [0x00000000f6c80000,0x00000000f7d81810,0x00000000f8600000)
  to   space 26624K, 0% used [0x00000000f5200000,0x00000000f5200000,0x00000000f6c00000)
 ParOldGen       total 113152K, used 50254K [0x00000000c0000000, 0x00000000c6e80000, 0x00000000eab00000)
  object space 113152K, 44% used [0x00000000c0000000,0x00000000c3113858,0x00000000c6e80000)
 Metaspace       used 8666K, capacity 8812K, committed 9088K, reserved 1056768K
  class space    used 822K, capacity 851K, committed 896K, reserved 1048576K
}
Event: 12.442 GC heap before
{Heap before GC invocations=12 (full 1):
 PSYoungGen      total 197120K, used 188422K [0x00000000eab00000, 0x00000000f8600000, 0x0000000100000000)
  eden space 171008K, 100% used [0x00000000eab00000,0x00000000f5200000,0x00000000f5200000)
  from space 26112K, 66% used [0x00000000f6c80000,0x00000000f7d81810,0x00000000f8600000)
  to   space 26624K, 0% used [0x00000000f5200000,0x00000000f5200000,0x00000000f6c00000)
 ParOldGen       total 113152K, used 50254K [0x00000000c0000000, 0x00000000c6e80000, 0x00000000eab00000)
  object space 113152K, 44% used [0x00000000c0000000,0x00000000c3113858,0x00000000c6e80000)
 Metaspace       used 8686K, capacity 8876K, committed 9088K, reserved 1056768K
  class space    used 822K, capacity 851K, committed 896K, reserved 1048576K
Event: 12.448 GC heap after
Heap after GC invocations=12 (full 1):
 PSYoungGen      total 197632K, used 15897K [0x00000000eab00000, 0x00000000fb080000, 0x0000000100000000)
  eden space 171008K, 0% used [0x00000000eab00000,0x00000000eab00000,0x00000000f5200000)
  from space 26624K, 59% used [0x00000000f5200000,0x00000000f61867f8,0x00000000f6c00000)
  to   space 26112K, 0% used [0x00000000f9700000,0x00000000f9700000,0x00000000fb080000)
 ParOldGen       total 113152K, used 50262K [0x00000000c0000000, 0x00000000c6e80000, 0x00000000eab00000)
  object space 113152K, 44% used [0x00000000c0000000,0x00000000c3115858,0x00000000c6e80000)
 Metaspace       used 8686K, capacity 8876K, committed 9088K, reserved 1056768K
  class space    used 822K, capacity 851K, committed 896K, reserved 1048576K
}

